Not searching for unused variables given on the command line.
[36m--[0m The C compiler identification is GNU 9.4.0
[36m--[0m The CXX compiler identification is GNU 9.4.0
[36m--[0m Check for working C compiler: /usr/bin/cc
[36m--[0m Check for working C compiler: /usr/bin/cc -- works
[36m--[0m Detecting C compiler ABI info
[36m--[0m Detecting C compiler ABI info - done
[36m--[0m Detecting C compile features
[36m--[0m Detecting C compile features - done
[36m--[0m Check for working CXX compiler: /usr/bin/c++
[36m--[0m Check for working CXX compiler: /usr/bin/c++ -- works
[36m--[0m Detecting CXX compiler ABI info
[36m--[0m Detecting CXX compiler ABI info - done
[36m--[0m Detecting CXX compile features
[36m--[0m Detecting CXX compile features - done
[36m--[0m Using CATKIN_DEVEL_PREFIX: /home/shivam/Desktop/experiments/assisitve_controller/MISC_shared_control/ros/devel/.private/my_package
[36m--[0m Using CMAKE_PREFIX_PATH: /home/shivam/Desktop/experiments/assisitve_controller/MISC_shared_control/ros/devel;/home/shivam/Desktop/experiments/assisitve_controller/MPC_CIS/ros/devel;/home/shivam/catkin_ws/devel;/opt/ros/noetic
[36m--[0m This workspace overlays: /home/shivam/Desktop/experiments/assisitve_controller/MISC_shared_control/ros/devel;/home/shivam/Desktop/experiments/assisitve_controller/MPC_CIS/ros/devel;/home/shivam/catkin_ws/devel;/opt/ros/noetic
[36m--[0m Found PythonInterp: /usr/bin/python3 (found suitable version "3.8.10", minimum required is "3")
[36m--[0m Using PYTHON_EXECUTABLE: /usr/bin/python3
[36m--[0m Using Debian Python package layout
[36m--[0m Found PY_em: /usr/lib/python3/dist-packages/em.py
[36m--[0m Using empy: /usr/lib/python3/dist-packages/em.py
[36m--[0m Using CATKIN_ENABLE_TESTING: ON
[36m--[0m Call enable_testing()
[36m--[0m Using CATKIN_TEST_RESULTS_DIR: /home/shivam/Desktop/experiments/assisitve_controller/MISC_shared_control/ros/build/my_package/test_results
[36m--[0m Forcing gtest/gmock from source, though one was otherwise available.
[36m--[0m Found gtest sources under '/usr/src/googletest': gtests will be built
[36m--[0m Found gmock sources under '/usr/src/googletest': gmock will be built
[36m--[0m Found PythonInterp: /usr/bin/python3 (found version "3.8.10")
[36m--[0m Found Threads: TRUE
[36m--[0m Using Python nosetests: /usr/bin/nosetests3
[36m--[0m catkin 0.8.10
[36m--[0m BUILD_SHARED_LIBS is on
[36m--[0m Installing devel-space wrapper /home/shivam/Desktop/experiments/assisitve_controller/MISC_shared_control/ros/src/my_package/src/assistive_control_node.py to /home/shivam/Desktop/experiments/assisitve_controller/MISC_shared_control/ros/devel/.private/my_package/lib/my_package
[36m--[0m Installing devel-space wrapper /home/shivam/Desktop/experiments/assisitve_controller/MISC_shared_control/ros/src/my_package/src/simulation_node.py to /home/shivam/Desktop/experiments/assisitve_controller/MISC_shared_control/ros/devel/.private/my_package/lib/my_package
[36m--[0m Installing devel-space wrapper /home/shivam/Desktop/experiments/assisitve_controller/MISC_shared_control/ros/src/my_package/src/joystick_input_node.py to /home/shivam/Desktop/experiments/assisitve_controller/MISC_shared_control/ros/devel/.private/my_package/lib/my_package
[36m--[0m Installing devel-space wrapper /home/shivam/Desktop/experiments/assisitve_controller/MISC_shared_control/ros/src/my_package/src/keyboard_input_node.py to /home/shivam/Desktop/experiments/assisitve_controller/MISC_shared_control/ros/devel/.private/my_package/lib/my_package
[36m--[0m Installing devel-space wrapper /home/shivam/Desktop/experiments/assisitve_controller/MISC_shared_control/ros/src/my_package/src/spacemouse_input_node.py to /home/shivam/Desktop/experiments/assisitve_controller/MISC_shared_control/ros/devel/.private/my_package/lib/my_package
[36m--[0m Installing devel-space wrapper /home/shivam/Desktop/experiments/assisitve_controller/MISC_shared_control/ros/src/my_package/src/visualization_node.py to /home/shivam/Desktop/experiments/assisitve_controller/MISC_shared_control/ros/devel/.private/my_package/lib/my_package
[36m--[0m Installing devel-space wrapper /home/shivam/Desktop/experiments/assisitve_controller/MISC_shared_control/ros/src/my_package/src/franka_controller_node.py to /home/shivam/Desktop/experiments/assisitve_controller/MISC_shared_control/ros/devel/.private/my_package/lib/my_package
[36m--[0m Configuring done
[36m--[0m Generating done
[36m--[0m Build files have been written to: /home/shivam/Desktop/experiments/assisitve_controller/MISC_shared_control/ros/build/my_package
